<?xml version="1.0" encoding="UTF-8"?>
<testng-results ignored="0" total="1" passed="1" failed="0" skipped="0">
  <reporter-output>
  </reporter-output>
  <suite started-at="2022-06-24T15:06:58 IST" name="Default suite" finished-at="2022-06-24T15:07:24 IST" duration-ms="26462">
    <groups>
    </groups>
    <test started-at="2022-06-24T15:06:58 IST" name="Default test" finished-at="2022-06-24T15:07:24 IST" duration-ms="26462">
      <class name="footerSectionTestCases.Check_address_link">
        <test-method is-config="true" signature="setup()[pri:0, instance:footerSectionTestCases.Check_address_link@4efc180e]" started-at="2022-06-24T15:06:58 IST" name="setup" finished-at="2022-06-24T15:07:13 IST" duration-ms="15726" status="PASS">
          <reporter-output>
          </reporter-output>
        </test-method> <!-- setup -->
        <test-method signature="verify_whether_address_link_showing_Test()[pri:0, instance:footerSectionTestCases.Check_address_link@4efc180e]" started-at="2022-06-24T15:07:13 IST" name="verify_whether_address_link_showing_Test" finished-at="2022-06-24T15:07:20 IST" duration-ms="6252" status="PASS">
          <reporter-output>
          </reporter-output>
        </test-method> <!-- verify_whether_address_link_showing_Test -->
        <test-method is-config="true" signature="close()[pri:0, instance:footerSectionTestCases.Check_address_link@4efc180e]" started-at="2022-06-24T15:07:20 IST" name="close" finished-at="2022-06-24T15:07:24 IST" duration-ms="4411" status="PASS">
          <reporter-output>
          </reporter-output>
        </test-method> <!-- close -->
      </class> <!-- footerSectionTestCases.Check_address_link -->
    </test> <!-- Default test -->
  </suite> <!-- Default suite -->
</testng-results>
